<?xml version="1.0" encoding="UTF-8" ?>
<testsuite errors="0" skipped="0" tests="1" time="0.033" failures="0" name="net.sf.AppTest">
  <properties>
    <property value="Sun Microsystems Inc." name="java.vendor"/>
    <property value="local/objectweb-114:/tmp/.ICE-unix/2886" name="env.SESSION_MANAGER"/>
    <property value="/home/objectweb/.m2/repository" name="localRepository"/>
    <property value="SUN_STANDARD" name="sun.java.launcher"/>
    <property value="HotSpot Client Compiler" name="sun.management.compiler"/>
    <property value="Linux" name="os.name"/>
    <property value="/usr/lib/jvm/java-1.5.0-sun-1.5.0.17/jre/lib/rt.jar:/usr/lib/jvm/java-1.5.0-sun-1.5.0.17/jre/lib/i18n.jar:/usr/lib/jvm/java-1.5.0-sun-1.5.0.17/jre/lib/sunrsasign.jar:/usr/lib/jvm/java-1.5.0-sun-1.5.0.17/jre/lib/jsse.jar:/usr/lib/jvm/java-1.5.0-sun-1.5.0.17/jre/lib/jce.jar:/usr/lib/jvm/java-1.5.0-sun-1.5.0.17/jre/lib/charsets.jar:/usr/lib/jvm/java-1.5.0-sun-1.5.0.17/jre/classes" name="sun.boot.class.path"/>
    <property value="/home/objectweb/workspace/jgcs-jgroups" name="env.PWD"/>
    <property value="gnome" name="sun.desktop"/>
    <property value="en_US.UTF-8" name="env.LANG"/>
    <property value="Sun Microsystems Inc." name="java.vm.specification.vendor"/>
    <property value="1.5.0_17-b04" name="java.runtime.version"/>
    <property value=":0.0" name="env.DISPLAY"/>
    <property value="objectweb" name="user.name"/>
    <property value="objectweb" name="env.USER"/>
    <property value="ignoreboth" name="env.HISTCONTROL"/>
    <property value="/bin/bash" name="env.SHELL"/>
    <property value="default" name="env.DESKTOP_SESSION"/>
    <property value="/usr/local/share/:/usr/share/:/usr/share/gdm/" name="env.XDG_DATA_DIRS"/>
    <property value="/usr/dt/lib/nls/msg/%L/%N.cat" name="env.NLSPATH"/>
    <property value="/usr/local/bin:/usr/bin:/bin:/usr/games" name="env.PATH"/>
    <property value="en" name="user.language"/>
    <property value="/usr/lib/jvm/java-1.5.0-sun-1.5.0.17/jre/lib/i386" name="sun.boot.library.path"/>
    <property value="/usr/share/maven2/bin/m2.conf" name="classworlds.conf"/>
    <property value="1.5.0_17" name="java.version"/>
    <property value="GMT-03:00" name="user.timezone"/>
    <property value="unix:abstract=/tmp/dbus-CvfcB44Awp,guid=af9a8f1b3ba85b47afeb617649ac1a91" name="env.DBUS_SESSION_BUS_ADDRESS"/>
    <property value="32" name="sun.arch.data.model"/>
    <property value="/usr/lib/jvm/java-1.5.0-sun-1.5.0.17/jre/lib/endorsed" name="java.endorsed.dirs"/>
    <property value="" name="sun.cpu.isalist"/>
    <property value="UTF-8" name="sun.jnu.encoding"/>
    <property value="sun.io" name="file.encoding.pkg"/>
    <property value="1" name="env.SHLVL"/>
    <property value="/" name="file.separator"/>
    <property value="Java Platform API Specification" name="java.specification.name"/>
    <property value="Default" name="env.GNOME_DESKTOP_SESSION_ID"/>
    <property value="49.0" name="java.class.version"/>
    <property value="default" name="env.GDMSESSION"/>
    <property value="US" name="user.country"/>
    <property value="2885" name="env.GNOME_KEYRING_PID"/>
    <property value="/usr/lib/jvm/java-1.5.0-sun-1.5.0.17/jre" name="java.home"/>
    <property value="mixed mode, sharing" name="java.vm.info"/>
    <property value="objectweb" name="env.LOGNAME"/>
    <property value="2.6.26-1-686" name="os.version"/>
    <property value=":" name="path.separator"/>
    <property value="1.5.0_17-b04" name="java.vm.version"/>
    <property value="" name="env.DESKTOP_STARTUP_ID"/>
    <property value="sun.print.PSPrinterJob" name="java.awt.printerjob"/>
    <property value="xterm" name="env.TERM"/>
    <property value="7" name="env.WINDOWPATH"/>
    <property value="UnicodeLittle" name="sun.io.unicode.encoding"/>
    <property value="en_US.UTF-8" name="env.GDM_LANG"/>
    <property value="/home/objectweb" name="user.home"/>
    <property value="Sun Microsystems Inc." name="java.specification.vendor"/>
    <property value="44040272" name="env.WINDOWID"/>
    <property value="/usr/lib/jvm/java-1.5.0-sun-1.5.0.17/jre/lib/i386/client:/usr/lib/jvm/java-1.5.0-sun-1.5.0.17/jre/lib/i386:/usr/lib/jvm/java-1.5.0-sun-1.5.0.17/jre/../lib/i386" name="java.library.path"/>
    <property value="http://java.sun.com/" name="java.vendor.url"/>
    <property value="local" name="env.GDM_XSERVER_LOCATION"/>
    <property value="Sun Microsystems Inc." name="java.vm.vendor"/>
    <property value="/usr/share/maven2" name="maven.home"/>
    <property value="Java(TM) 2 Runtime Environment, Standard Edition" name="java.runtime.name"/>
    <property value="/usr/share/maven2/boot/classworlds.jar" name="java.class.path"/>
    <property value="/usr/dt/app-defaults/%L/Dt" name="env.XFILESEARCHPATH"/>
    <property value="Java Virtual Machine Specification" name="java.vm.specification.name"/>
    <property value="1.0" name="java.vm.specification.version"/>
    <property value="little" name="sun.cpu.endian"/>
    <property value="/etc/gtk/gtkrc:/home/objectweb/.gtkrc-1.2-gnome2" name="env.GTK_RC_FILES"/>
    <property value="unknown" name="sun.os.patch.level"/>
    <property value="/home/objectweb" name="env.HOME"/>
    <property value="/home/objectweb/workspace/jgcs-jgroups/target/test-classes:/home/objectweb/workspace/jgcs-jgroups/target/classes:/home/objectweb/.m2/repository/junit/junit/3.8.1/junit-3.8.1.jar:/home/objectweb/.m2/repository/net/sf/jgcs/1.0-SNAPSHOT/jgcs-1.0-SNAPSHOT.jar:/home/objectweb/.m2/repository/jgroups/jgroups/2.6.7.GA/jgroups-2.6.7.GA.jar:" name="surefire.test.class.path"/>
    <property value="/tmp" name="java.io.tmpdir"/>
    <property value="/usr/lib/jvm/java-1.5.0-sun-1.5.0.17/jre/lib/i386/client:/usr/lib/jvm/java-1.5.0-sun-1.5.0.17/jre/lib/i386:/usr/lib/jvm/java-1.5.0-sun-1.5.0.17/jre/../lib/i386" name="env.LD_LIBRARY_PATH"/>
    <property value="no=00:fi=00:di=01;34:ln=01;36:pi=40;33:so=01;35:do=01;35:bd=40;33;01:cd=40;33;01:or=40;31;01:su=37;41:sg=30;43:tw=30;42:ow=34;42:st=37;44:ex=01;32:*.tar=01;31:*.tgz=01;31:*.svgz=01;31:*.arj=01;31:*.taz=01;31:*.lzh=01;31:*.lzma=01;31:*.zip=01;31:*.z=01;31:*.Z=01;31:*.dz=01;31:*.gz=01;31:*.bz2=01;31:*.bz=01;31:*.tbz2=01;31:*.tz=01;31:*.deb=01;31:*.rpm=01;31:*.jar=01;31:*.rar=01;31:*.ace=01;31:*.zoo=01;31:*.cpio=01;31:*.7z=01;31:*.rz=01;31:*.jpg=01;35:*.jpeg=01;35:*.gif=01;35:*.bmp=01;35:*.pbm=01;35:*.pgm=01;35:*.ppm=01;35:*.tga=01;35:*.xbm=01;35:*.xpm=01;35:*.tif=01;35:*.tiff=01;35:*.png=01;35:*.svg=01;35:*.mng=01;35:*.pcx=01;35:*.mov=01;35:*.mpg=01;35:*.mpeg=01;35:*.m2v=01;35:*.mkv=01;35:*.ogm=01;35:*.mp4=01;35:*.m4v=01;35:*.mp4v=01;35:*.vob=01;35:*.qt=01;35:*.nuv=01;35:*.wmv=01;35:*.asf=01;35:*.rm=01;35:*.rmvb=01;35:*.flc=01;35:*.avi=01;35:*.fli=01;35:*.gl=01;35:*.dl=01;35:*.xcf=01;35:*.xwd=01;35:*.yuv=01;35:*.aac=00;36:*.au=00;36:*.flac=00;36:*.mid=00;36:*.midi=00;36:*.mka=00;36:*.mp3=00;36:*.mpc=00;36:*.ogg=00;36:*.ra=00;36:*.wav=00;36:" name="env.LS_COLORS"/>
    <property value="http://java.sun.com/cgi-bin/bugreport.cgi" name="java.vendor.url.bug"/>
    <property value="/tmp/keyring-vexVEW/ssh" name="env.SSH_AUTH_SOCK"/>
    <property value="sun.awt.X11GraphicsEnvironment" name="java.awt.graphicsenv"/>
    <property value="i386" name="os.arch"/>
    <property value="/usr/lib/jvm/java-1.5.0-sun-1.5.0.17/jre/lib/ext" name="java.ext.dirs"/>
    <property value="/home/objectweb/workspace/jgcs-jgroups" name="user.dir"/>
    <property value="/home/objectweb/.Xauthority" name="env.XAUTHORITY"/>
    <property value="
" name="line.separator"/>
    <property value="Java HotSpot(TM) Client VM" name="java.vm.name"/>
    <property value="gnome-terminal" name="env.COLORTERM"/>
    <property value="/home/objectweb/workspace/jgcs-jgroups" name="basedir"/>
    <property value="objectweb" name="env.USERNAME"/>
    <property value="UTF-8" name="file.encoding"/>
    <property value="/tmp/keyring-vexVEW/socket" name="env.GNOME_KEYRING_SOCKET"/>
    <property value="/tmp/seahorse-OBymaQ/S.gpg-agent:2941:1" name="env.GPG_AGENT_INFO"/>
    <property value="1.5" name="java.specification.version"/>
  </properties>
  <testcase classname="net.sf.AppTest" time="0.003" name="testApp"/>
</testsuite>